app/build/intermediates/manifest_merge_blame_file/debug/processDebugMainManifest/manifest-merger-blame-debug-report.txt
1<?xml version="1.0" encoding="utf-8"?>
2<manifest xmlns:android="http://schemas.android.com/apk/res/android"
3    package="com.example.remed"
4    android:versionCode="1"
5    android:versionName="1.0" >
6
7    <uses-sdk
8        android:minSdkVersion="26"
9        android:targetSdkVersion="35" />
10
11    <uses-feature
11-->src\main\AndroidManifest.xml:6:5-8:36
12        android:name="android.hardware.camera"
12-->src\main\AndroidManifest.xml:7:9-47
13        android:required="false" />
13-->src\main\AndroidManifest.xml:8:9-33
14
15    <uses-permission android:name="android.permission.CAMERA" />
15-->src\main\AndroidManifest.xml:10:5-65
15-->src\main\AndroidManifest.xml:10:22-62
16    <uses-permission android:name="android.permission.ACTIVITY_RECOGNITION" />
16-->src\main\AndroidManifest.xml:11:5-79
16-->src\main\AndroidManifest.xml:11:22-76
17    <uses-permission android:name="android.permission.POST_NOTIFICATIONS" />
17-->src\main\AndroidManifest.xml:12:5-77
17-->src\main\AndroidManifest.xml:12:22-74
18    <uses-permission android:name="android.permission.SCHEDULE_EXACT_ALARM" />
18-->src\main\AndroidManifest.xml:13:5-79
18-->src\main\AndroidManifest.xml:13:22-76
19    <uses-permission android:name="android.permission.VIBRATE" />
19-->src\main\AndroidManifest.xml:14:5-66
19-->src\main\AndroidManifest.xml:14:22-63
20    <uses-permission android:name="android.permission.WAKE_LOCK" />
20-->[androidx.work:work-runtime:2.9.0] AndroidManifest.xml:23:5-68
20-->[androidx.work:work-runtime:2.9.0] AndroidManifest.xml:23:22-65
21    <uses-permission android:name="android.permission.ACCESS_NETWORK_STATE" />
21-->[androidx.work:work-runtime:2.9.0] AndroidManifest.xml:24:5-79
21-->[androidx.work:work-runtime:2.9.0] AndroidManifest.xml:24:22-76
22    <uses-permission android:name="android.permission.RECEIVE_BOOT_COMPLETED" />
22-->[androidx.work:work-runtime:2.9.0] AndroidManifest.xml:25:5-81
22-->[androidx.work:work-runtime:2.9.0] AndroidManifest.xml:25:22-78
23    <uses-permission android:name="android.permission.FOREGROUND_SERVICE" />
23-->[androidx.work:work-runtime:2.9.0] AndroidManifest.xml:26:5-77
23-->[androidx.work:work-runtime:2.9.0] AndroidManifest.xml:26:22-74
24    <uses-permission android:name="android.permission.USE_BIOMETRIC" /> <!-- suppress DeprecatedClassUsageInspection -->
24-->[androidx.biometric:biometric:1.1.0] AndroidManifest.xml:24:5-72
24-->[androidx.biometric:biometric:1.1.0] AndroidManifest.xml:24:22-69
25    <uses-permission android:name="android.permission.USE_FINGERPRINT" />
25-->[androidx.biometric:biometric:1.1.0] AndroidManifest.xml:27:5-74
25-->[androidx.biometric:biometric:1.1.0] AndroidManifest.xml:27:22-71
26    <uses-permission android:name="android.permission.INTERNET" />
26-->[com.google.firebase:firebase-auth:22.3.1] AndroidManifest.xml:25:5-67
26-->[com.google.firebase:firebase-auth:22.3.1] AndroidManifest.xml:25:22-64
27    <uses-permission android:name="com.google.android.gms.permission.AD_ID" />
27-->[com.google.android.gms:play-services-measurement-api:21.5.1] AndroidManifest.xml:25:5-79
27-->[com.google.android.gms:play-services-measurement-api:21.5.1] AndroidManifest.xml:25:22-76
28    <uses-permission android:name="android.permission.ACCESS_ADSERVICES_ATTRIBUTION" />
28-->[com.google.android.gms:play-services-measurement-api:21.5.1] AndroidManifest.xml:26:5-88
28-->[com.google.android.gms:play-services-measurement-api:21.5.1] AndroidManifest.xml:26:22-85
29    <uses-permission android:name="android.permission.ACCESS_ADSERVICES_AD_ID" />
29-->[com.google.android.gms:play-services-measurement-api:21.5.1] AndroidManifest.xml:27:5-82
29-->[com.google.android.gms:play-services-measurement-api:21.5.1] AndroidManifest.xml:27:22-79
30    <uses-permission android:name="com.google.android.providers.gsf.permission.READ_GSERVICES" />
30-->[com.google.android.recaptcha:recaptcha:18.4.0] AndroidManifest.xml:9:5-98
30-->[com.google.android.recaptcha:recaptcha:18.4.0] AndroidManifest.xml:9:22-95
31    <uses-permission android:name="com.google.android.finsky.permission.BIND_GET_INSTALL_REFERRER_SERVICE" />
31-->[com.google.android.gms:play-services-measurement:21.5.1] AndroidManifest.xml:26:5-110
31-->[com.google.android.gms:play-services-measurement:21.5.1] AndroidManifest.xml:26:22-107
32
33    <permission
33-->[androidx.core:core:1.15.0] AndroidManifest.xml:22:5-24:47
34        android:name="com.example.remed.DYNAMIC_RECEIVER_NOT_EXPORTED_PERMISSION"
34-->[androidx.core:core:1.15.0] AndroidManifest.xml:23:9-81
35        android:protectionLevel="signature" />
35-->[androidx.core:core:1.15.0] AndroidManifest.xml:24:9-44
36
37    <uses-permission android:name="com.example.remed.DYNAMIC_RECEIVER_NOT_EXPORTED_PERMISSION" />
37-->[androidx.core:core:1.15.0] AndroidManifest.xml:26:5-97
37-->[androidx.core:core:1.15.0] AndroidManifest.xml:26:22-94
38
39    <application
39-->src\main\AndroidManifest.xml:16:5-58:19
40        android:name="com.example.remed.RemedApplication"
40-->src\main\AndroidManifest.xml:17:9-41
41        android:allowBackup="true"
41-->src\main\AndroidManifest.xml:18:9-35
42        android:appComponentFactory="androidx.core.app.CoreComponentFactory"
42-->[androidx.core:core:1.15.0] AndroidManifest.xml:28:18-86
43        android:dataExtractionRules="@xml/data_extraction_rules"
43-->src\main\AndroidManifest.xml:20:9-65
44        android:debuggable="true"
45        android:extractNativeLibs="false"
45-->src\main\AndroidManifest.xml:19:9-42
46        android:fullBackupContent="@xml/backup_rules"
46-->src\main\AndroidManifest.xml:21:9-54
47        android:icon="@mipmap/ic_launcher"
47-->src\main\AndroidManifest.xml:22:9-43
48        android:label="@string/app_name"
48-->src\main\AndroidManifest.xml:24:9-41
49        android:roundIcon="@mipmap/ic_launcher_round"
49-->src\main\AndroidManifest.xml:23:9-54
50        android:supportsRtl="true"
50-->src\main\AndroidManifest.xml:25:9-35
51        android:theme="@style/Theme.ReMed" >
51-->src\main\AndroidManifest.xml:26:9-43
52        <activity
52-->src\main\AndroidManifest.xml:29:9-37:20
53            android:name="com.example.remed.MainActivity"
53-->src\main\AndroidManifest.xml:30:13-41
54            android:exported="true"
54-->src\main\AndroidManifest.xml:31:13-36
55            android:theme="@style/Theme.ReMed.Starting" >
55-->src\main\AndroidManifest.xml:32:13-56
56            <intent-filter>
56-->src\main\AndroidManifest.xml:33:13-36:29
57                <action android:name="android.intent.action.MAIN" />
57-->src\main\AndroidManifest.xml:34:17-69
57-->src\main\AndroidManifest.xml:34:25-66
58
59                <category android:name="android.intent.category.LAUNCHER" />
59-->src\main\AndroidManifest.xml:35:17-77
59-->src\main\AndroidManifest.xml:35:27-74
60            </intent-filter>
61        </activity>
62
63        <receiver
63-->src\main\AndroidManifest.xml:39:9-41:40
64            android:name="com.example.remed.notifications.WaterReminderReceiver"
64-->src\main\AndroidManifest.xml:40:13-64
65            android:exported="false" />
65-->src\main\AndroidManifest.xml:41:13-37
66        <receiver
66-->src\main\AndroidManifest.xml:43:9-45:40
67            android:name="com.example.remed.notifications.MedicationReminderReceiver"
67-->src\main\AndroidManifest.xml:44:13-69
68            android:exported="false" />
68-->src\main\AndroidManifest.xml:45:13-37
69        <receiver
69-->src\main\AndroidManifest.xml:47:9-56:20
70            android:name="com.example.remed.widget.ReMedWidgetReceiver"
70-->src\main\AndroidManifest.xml:48:13-55
71            android:exported="true" >
71-->src\main\AndroidManifest.xml:49:13-36
72            <intent-filter>
72-->src\main\AndroidManifest.xml:50:13-52:29
73                <action android:name="android.appwidget.action.APPWIDGET_UPDATE" />
73-->src\main\AndroidManifest.xml:51:17-84
73-->src\main\AndroidManifest.xml:51:25-81
74            </intent-filter>
75
76            <meta-data
76-->src\main\AndroidManifest.xml:53:13-55:61
77                android:name="android.appwidget.provider"
77-->src\main\AndroidManifest.xml:54:17-58
78                android:resource="@xml/remed_widget_info" />
78-->src\main\AndroidManifest.xml:55:17-58
79        </receiver>
80
81        <activity
81-->[androidx.glance:glance-appwidget:1.1.1] AndroidManifest.xml:23:9-28:62
82            android:name="androidx.glance.appwidget.action.ActionTrampolineActivity"
82-->[androidx.glance:glance-appwidget:1.1.1] AndroidManifest.xml:24:13-85
83            android:enabled="true"
83-->[androidx.glance:glance-appwidget:1.1.1] AndroidManifest.xml:25:13-35
84            android:excludeFromRecents="true"
84-->[androidx.glance:glance-appwidget:1.1.1] AndroidManifest.xml:26:13-46
85            android:exported="false"
85-->[androidx.glance:glance-appwidget:1.1.1] AndroidManifest.xml:27:13-37
86            android:theme="@android:style/Theme.NoDisplay" />
86-->[androidx.glance:glance-appwidget:1.1.1] AndroidManifest.xml:28:13-59
87        <activity
87-->[androidx.glance:glance-appwidget:1.1.1] AndroidManifest.xml:29:9-36:81
88            android:name="androidx.glance.appwidget.action.InvisibleActionTrampolineActivity"
88-->[androidx.glance:glance-appwidget:1.1.1] AndroidManifest.xml:30:13-94
89            android:enabled="true"
89-->[androidx.glance:glance-appwidget:1.1.1] AndroidManifest.xml:31:13-35
90            android:exported="false"
90-->[androidx.glance:glance-appwidget:1.1.1] AndroidManifest.xml:32:13-37
91            android:launchMode="singleInstance"
91-->[androidx.glance:glance-appwidget:1.1.1] AndroidManifest.xml:33:13-48
92            android:noHistory="true"
92-->[androidx.glance:glance-appwidget:1.1.1] AndroidManifest.xml:34:13-37
93            android:taskAffinity="androidx.glance.appwidget.ListAdapterCallbackTrampoline"
93-->[androidx.glance:glance-appwidget:1.1.1] AndroidManifest.xml:35:13-91
94            android:theme="@style/Widget.Glance.AppWidget.CallbackTrampoline" />
94-->[androidx.glance:glance-appwidget:1.1.1] AndroidManifest.xml:36:13-78
95
96        <receiver
96-->[androidx.glance:glance-appwidget:1.1.1] AndroidManifest.xml:38:9-41:40
97            android:name="androidx.glance.appwidget.action.ActionCallbackBroadcastReceiver"
97-->[androidx.glance:glance-appwidget:1.1.1] AndroidManifest.xml:39:13-92
98            android:enabled="true"
98-->[androidx.glance:glance-appwidget:1.1.1] AndroidManifest.xml:40:13-35
99            android:exported="false" />
99-->[androidx.glance:glance-appwidget:1.1.1] AndroidManifest.xml:41:13-37
100        <receiver
100-->[androidx.glance:glance-appwidget:1.1.1] AndroidManifest.xml:42:9-45:40
101            android:name="androidx.glance.appwidget.UnmanagedSessionReceiver"
101-->[androidx.glance:glance-appwidget:1.1.1] AndroidManifest.xml:43:13-78
102            android:enabled="true"
102-->[androidx.glance:glance-appwidget:1.1.1] AndroidManifest.xml:44:13-35
103            android:exported="false" />
103-->[androidx.glance:glance-appwidget:1.1.1] AndroidManifest.xml:45:13-37
104        <receiver
104-->[androidx.glance:glance-appwidget:1.1.1] AndroidManifest.xml:46:9-53:20
105            android:name="androidx.glance.appwidget.MyPackageReplacedReceiver"
105-->[androidx.glance:glance-appwidget:1.1.1] AndroidManifest.xml:47:13-79
106            android:enabled="true"
106-->[androidx.glance:glance-appwidget:1.1.1] AndroidManifest.xml:48:13-35
107            android:exported="false" >
107-->[androidx.glance:glance-appwidget:1.1.1] AndroidManifest.xml:49:13-37
108            <intent-filter>
108-->[androidx.glance:glance-appwidget:1.1.1] AndroidManifest.xml:50:13-52:29
109                <action android:name="android.intent.action.MY_PACKAGE_REPLACED" />
109-->[androidx.glance:glance-appwidget:1.1.1] AndroidManifest.xml:51:17-84
109-->[androidx.glance:glance-appwidget:1.1.1] AndroidManifest.xml:51:25-81
110            </intent-filter>
111        </receiver>
112
113        <service
113-->[androidx.glance:glance-appwidget:1.1.1] AndroidManifest.xml:55:9-58:72
114            android:name="androidx.glance.appwidget.GlanceRemoteViewsService"
114-->[androidx.glance:glance-appwidget:1.1.1] AndroidManifest.xml:56:13-78
115            android:exported="true"
115-->[androidx.glance:glance-appwidget:1.1.1] AndroidManifest.xml:57:13-36
116            android:permission="android.permission.BIND_REMOTEVIEWS" />
116-->[androidx.glance:glance-appwidget:1.1.1] AndroidManifest.xml:58:13-69
117
118        <activity
118-->[androidx.compose.ui:ui-tooling-android:1.6.3] AndroidManifest.xml:23:9-25:39
119            android:name="androidx.compose.ui.tooling.PreviewActivity"
119-->[androidx.compose.ui:ui-tooling-android:1.6.3] AndroidManifest.xml:24:13-71
120            android:exported="true" />
120-->[androidx.compose.ui:ui-tooling-android:1.6.3] AndroidManifest.xml:25:13-36
121        <activity
121-->[androidx.compose.ui:ui-test-manifest:1.6.3] AndroidManifest.xml:23:9-25:39
122            android:name="androidx.activity.ComponentActivity"
122-->[androidx.compose.ui:ui-test-manifest:1.6.3] AndroidManifest.xml:24:13-63
123            android:exported="true" />
123-->[androidx.compose.ui:ui-test-manifest:1.6.3] AndroidManifest.xml:25:13-36
124
125        <service
125-->[androidx.camera:camera-camera2:1.3.2] AndroidManifest.xml:24:9-33:19
126            android:name="androidx.camera.core.impl.MetadataHolderService"
126-->[androidx.camera:camera-camera2:1.3.2] AndroidManifest.xml:25:13-75
127            android:enabled="false"
127-->[androidx.camera:camera-camera2:1.3.2] AndroidManifest.xml:26:13-36
128            android:exported="false" >
128-->[androidx.camera:camera-camera2:1.3.2] AndroidManifest.xml:27:13-37
129            <meta-data
129-->[androidx.camera:camera-camera2:1.3.2] AndroidManifest.xml:30:13-32:89
130                android:name="androidx.camera.core.impl.MetadataHolderService.DEFAULT_CONFIG_PROVIDER"
130-->[androidx.camera:camera-camera2:1.3.2] AndroidManifest.xml:31:17-103
131                android:value="androidx.camera.camera2.Camera2Config$DefaultProvider" />
131-->[androidx.camera:camera-camera2:1.3.2] AndroidManifest.xml:32:17-86
132        </service>
133
134        <provider
134-->[androidx.work:work-runtime:2.9.0] AndroidManifest.xml:29:9-37:20
135            android:name="androidx.startup.InitializationProvider"
135-->[androidx.work:work-runtime:2.9.0] AndroidManifest.xml:30:13-67
136            android:authorities="com.example.remed.androidx-startup"
136-->[androidx.work:work-runtime:2.9.0] AndroidManifest.xml:31:13-68
137            android:exported="false" >
137-->[androidx.work:work-runtime:2.9.0] AndroidManifest.xml:32:13-37
138            <meta-data
138-->[androidx.work:work-runtime:2.9.0] AndroidManifest.xml:34:13-36:52
139                android:name="androidx.work.WorkManagerInitializer"
139-->[androidx.work:work-runtime:2.9.0] AndroidManifest.xml:35:17-68
140                android:value="androidx.startup" />
140-->[androidx.work:work-runtime:2.9.0] AndroidManifest.xml:36:17-49
141            <meta-data
141-->[androidx.emoji2:emoji2:1.3.0] AndroidManifest.xml:29:13-31:52
142                android:name="androidx.emoji2.text.EmojiCompatInitializer"
142-->[androidx.emoji2:emoji2:1.3.0] AndroidManifest.xml:30:17-75
143                android:value="androidx.startup" />
143-->[androidx.emoji2:emoji2:1.3.0] AndroidManifest.xml:31:17-49
144            <meta-data
144-->[androidx.lifecycle:lifecycle-process:2.8.0] AndroidManifest.xml:29:13-31:52
145                android:name="androidx.lifecycle.ProcessLifecycleInitializer"
145-->[androidx.lifecycle:lifecycle-process:2.8.0] AndroidManifest.xml:30:17-78
146                android:value="androidx.startup" />
146-->[androidx.lifecycle:lifecycle-process:2.8.0] AndroidManifest.xml:31:17-49
147            <meta-data
147-->[androidx.profileinstaller:profileinstaller:1.3.1] AndroidManifest.xml:29:13-31:52
148                android:name="androidx.profileinstaller.ProfileInstallerInitializer"
148-->[androidx.profileinstaller:profileinstaller:1.3.1] AndroidManifest.xml:30:17-85
149                android:value="androidx.startup" />
149-->[androidx.profileinstaller:profileinstaller:1.3.1] AndroidManifest.xml:31:17-49
150        </provider>
151
152        <service
152-->[androidx.work:work-runtime:2.9.0] AndroidManifest.xml:39:9-45:35
153            android:name="androidx.work.impl.background.systemalarm.SystemAlarmService"
153-->[androidx.work:work-runtime:2.9.0] AndroidManifest.xml:40:13-88
154            android:directBootAware="false"
154-->[androidx.work:work-runtime:2.9.0] AndroidManifest.xml:41:13-44
155            android:enabled="@bool/enable_system_alarm_service_default"
155-->[androidx.work:work-runtime:2.9.0] AndroidManifest.xml:42:13-72
156            android:exported="false" />
156-->[androidx.work:work-runtime:2.9.0] AndroidManifest.xml:43:13-37
157        <service
157-->[androidx.work:work-runtime:2.9.0] AndroidManifest.xml:46:9-52:35
158            android:name="androidx.work.impl.background.systemjob.SystemJobService"
158-->[androidx.work:work-runtime:2.9.0] AndroidManifest.xml:47:13-84
159            android:directBootAware="false"
159-->[androidx.work:work-runtime:2.9.0] AndroidManifest.xml:48:13-44
160            android:enabled="@bool/enable_system_job_service_default"
160-->[androidx.work:work-runtime:2.9.0] AndroidManifest.xml:49:13-70
161            android:exported="true"
161-->[androidx.work:work-runtime:2.9.0] AndroidManifest.xml:50:13-36
162            android:permission="android.permission.BIND_JOB_SERVICE" />
162-->[androidx.work:work-runtime:2.9.0] AndroidManifest.xml:51:13-69
163        <service
163-->[androidx.work:work-runtime:2.9.0] AndroidManifest.xml:53:9-59:35
164            android:name="androidx.work.impl.foreground.SystemForegroundService"
164-->[androidx.work:work-runtime:2.9.0] AndroidManifest.xml:54:13-81
165            android:directBootAware="false"
165-->[androidx.work:work-runtime:2.9.0] AndroidManifest.xml:55:13-44
166            android:enabled="@bool/enable_system_foreground_service_default"
166-->[androidx.work:work-runtime:2.9.0] AndroidManifest.xml:56:13-77
167            android:exported="false" />
167-->[androidx.work:work-runtime:2.9.0] AndroidManifest.xml:57:13-37
168
169        <receiver
169-->[androidx.work:work-runtime:2.9.0] AndroidManifest.xml:61:9-66:35
170            android:name="androidx.work.impl.utils.ForceStopRunnable$BroadcastReceiver"
170-->[androidx.work:work-runtime:2.9.0] AndroidManifest.xml:62:13-88
171            android:directBootAware="false"
171-->[androidx.work:work-runtime:2.9.0] AndroidManifest.xml:63:13-44
172            android:enabled="true"
172-->[androidx.work:work-runtime:2.9.0] AndroidManifest.xml:64:13-35
173            android:exported="false" />
173-->[androidx.work:work-runtime:2.9.0] AndroidManifest.xml:65:13-37
174        <receiver
174-->[androidx.work:work-runtime:2.9.0] AndroidManifest.xml:67:9-77:20
175            android:name="androidx.work.impl.background.systemalarm.ConstraintProxy$BatteryChargingProxy"
175-->[androidx.work:work-runtime:2.9.0] AndroidManifest.xml:68:13-106
176            android:directBootAware="false"
176-->[androidx.work:work-runtime:2.9.0] AndroidManifest.xml:69:13-44
177            android:enabled="false"
177-->[androidx.work:work-runtime:2.9.0] AndroidManifest.xml:70:13-36
178            android:exported="false" >
178-->[androidx.work:work-runtime:2.9.0] AndroidManifest.xml:71:13-37
179            <intent-filter>
179-->[androidx.work:work-runtime:2.9.0] AndroidManifest.xml:73:13-76:29
180                <action android:name="android.intent.action.ACTION_POWER_CONNECTED" />
180-->[androidx.work:work-runtime:2.9.0] AndroidManifest.xml:74:17-87
180-->[androidx.work:work-runtime:2.9.0] AndroidManifest.xml:74:25-84
181                <action android:name="android.intent.action.ACTION_POWER_DISCONNECTED" />
181-->[androidx.work:work-runtime:2.9.0] AndroidManifest.xml:75:17-90
181-->[androidx.work:work-runtime:2.9.0] AndroidManifest.xml:75:25-87
182            </intent-filter>
183        </receiver>
184        <receiver
184-->[androidx.work:work-runtime:2.9.0] AndroidManifest.xml:78:9-88:20
185            android:name="androidx.work.impl.background.systemalarm.ConstraintProxy$BatteryNotLowProxy"
185-->[androidx.work:work-runtime:2.9.0] AndroidManifest.xml:79:13-104
186            android:directBootAware="false"
186-->[androidx.work:work-runtime:2.9.0] AndroidManifest.xml:80:13-44
187            android:enabled="false"
187-->[androidx.work:work-runtime:2.9.0] AndroidManifest.xml:81:13-36
188            android:exported="false" >
188-->[androidx.work:work-runtime:2.9.0] AndroidManifest.xml:82:13-37
189            <intent-filter>
189-->[androidx.work:work-runtime:2.9.0] AndroidManifest.xml:84:13-87:29
190                <action android:name="android.intent.action.BATTERY_OKAY" />
190-->[androidx.work:work-runtime:2.9.0] AndroidManifest.xml:85:17-77
190-->[androidx.work:work-runtime:2.9.0] AndroidManifest.xml:85:25-74
191                <action android:name="android.intent.action.BATTERY_LOW" />
191-->[androidx.work:work-runtime:2.9.0] AndroidManifest.xml:86:17-76
191-->[androidx.work:work-runtime:2.9.0] AndroidManifest.xml:86:25-73
192            </intent-filter>
193        </receiver>
194        <receiver
194-->[androidx.work:work-runtime:2.9.0] AndroidManifest.xml:89:9-99:20
195            android:name="androidx.work.impl.background.systemalarm.ConstraintProxy$StorageNotLowProxy"
195-->[androidx.work:work-runtime:2.9.0] AndroidManifest.xml:90:13-104
196            android:directBootAware="false"
196-->[androidx.work:work-runtime:2.9.0] AndroidManifest.xml:91:13-44
197            android:enabled="false"
197-->[androidx.work:work-runtime:2.9.0] AndroidManifest.xml:92:13-36
198            android:exported="false" >
198-->[androidx.work:work-runtime:2.9.0] AndroidManifest.xml:93:13-37
199            <intent-filter>
199-->[androidx.work:work-runtime:2.9.0] AndroidManifest.xml:95:13-98:29
200                <action android:name="android.intent.action.DEVICE_STORAGE_LOW" />
200-->[androidx.work:work-runtime:2.9.0] AndroidManifest.xml:96:17-83
200-->[androidx.work:work-runtime:2.9.0] AndroidManifest.xml:96:25-80
201                <action android:name="android.intent.action.DEVICE_STORAGE_OK" />
201-->[androidx.work:work-runtime:2.9.0] AndroidManifest.xml:97:17-82
201-->[androidx.work:work-runtime:2.9.0] AndroidManifest.xml:97:25-79
202            </intent-filter>
203        </receiver>
204        <receiver
204-->[androidx.work:work-runtime:2.9.0] AndroidManifest.xml:100:9-109:20
205            android:name="androidx.work.impl.background.systemalarm.ConstraintProxy$NetworkStateProxy"
205-->[androidx.work:work-runtime:2.9.0] AndroidManifest.xml:101:13-103
206            android:directBootAware="false"
206-->[androidx.work:work-runtime:2.9.0] AndroidManifest.xml:102:13-44
207            android:enabled="false"
207-->[androidx.work:work-runtime:2.9.0] AndroidManifest.xml:103:13-36
208            android:exported="false" >
208-->[androidx.work:work-runtime:2.9.0] AndroidManifest.xml:104:13-37
209            <intent-filter>
209-->[androidx.work:work-runtime:2.9.0] AndroidManifest.xml:106:13-108:29
210                <action android:name="android.net.conn.CONNECTIVITY_CHANGE" />
210-->[androidx.work:work-runtime:2.9.0] AndroidManifest.xml:107:17-79
210-->[androidx.work:work-runtime:2.9.0] AndroidManifest.xml:107:25-76
211            </intent-filter>
212        </receiver>
213        <receiver
213-->[androidx.work:work-runtime:2.9.0] AndroidManifest.xml:110:9-121:20
214            android:name="androidx.work.impl.background.systemalarm.RescheduleReceiver"
214-->[androidx.work:work-runtime:2.9.0] AndroidManifest.xml:111:13-88
215            android:directBootAware="false"
215-->[androidx.work:work-runtime:2.9.0] AndroidManifest.xml:112:13-44
216            android:enabled="false"
216-->[androidx.work:work-runtime:2.9.0] AndroidManifest.xml:113:13-36
217            android:exported="false" >
217-->[androidx.work:work-runtime:2.9.0] AndroidManifest.xml:114:13-37
218            <intent-filter>
218-->[androidx.work:work-runtime:2.9.0] AndroidManifest.xml:116:13-120:29
219                <action android:name="android.intent.action.BOOT_COMPLETED" />
219-->[androidx.work:work-runtime:2.9.0] AndroidManifest.xml:117:17-79
219-->[androidx.work:work-runtime:2.9.0] AndroidManifest.xml:117:25-76
220                <action android:name="android.intent.action.TIME_SET" />
220-->[androidx.work:work-runtime:2.9.0] AndroidManifest.xml:118:17-73
220-->[androidx.work:work-runtime:2.9.0] AndroidManifest.xml:118:25-70
221                <action android:name="android.intent.action.TIMEZONE_CHANGED" />
221-->[androidx.work:work-runtime:2.9.0] AndroidManifest.xml:119:17-81
221-->[androidx.work:work-runtime:2.9.0] AndroidManifest.xml:119:25-78
222            </intent-filter>
223        </receiver>
224        <receiver
224-->[androidx.work:work-runtime:2.9.0] AndroidManifest.xml:122:9-131:20
225            android:name="androidx.work.impl.background.systemalarm.ConstraintProxyUpdateReceiver"
225-->[androidx.work:work-runtime:2.9.0] AndroidManifest.xml:123:13-99
226            android:directBootAware="false"
226-->[androidx.work:work-runtime:2.9.0] AndroidManifest.xml:124:13-44
227            android:enabled="@bool/enable_system_alarm_service_default"
227-->[androidx.work:work-runtime:2.9.0] AndroidManifest.xml:125:13-72
228            android:exported="false" >
228-->[androidx.work:work-runtime:2.9.0] AndroidManifest.xml:126:13-37
229            <intent-filter>
229-->[androidx.work:work-runtime:2.9.0] AndroidManifest.xml:128:13-130:29
230                <action android:name="androidx.work.impl.background.systemalarm.UpdateProxies" />
230-->[androidx.work:work-runtime:2.9.0] AndroidManifest.xml:129:17-98
230-->[androidx.work:work-runtime:2.9.0] AndroidManifest.xml:129:25-95
231            </intent-filter>
232        </receiver>
233        <receiver
233-->[androidx.work:work-runtime:2.9.0] AndroidManifest.xml:132:9-142:20
234            android:name="androidx.work.impl.diagnostics.DiagnosticsReceiver"
234-->[androidx.work:work-runtime:2.9.0] AndroidManifest.xml:133:13-78
235            android:directBootAware="false"
235-->[androidx.work:work-runtime:2.9.0] AndroidManifest.xml:134:13-44
236            android:enabled="true"
236-->[androidx.work:work-runtime:2.9.0] AndroidManifest.xml:135:13-35
237            android:exported="true"
237-->[androidx.work:work-runtime:2.9.0] AndroidManifest.xml:136:13-36
238            android:permission="android.permission.DUMP" >
238-->[androidx.work:work-runtime:2.9.0] AndroidManifest.xml:137:13-57
239            <intent-filter>
239-->[androidx.work:work-runtime:2.9.0] AndroidManifest.xml:139:13-141:29
240                <action android:name="androidx.work.diagnostics.REQUEST_DIAGNOSTICS" />
240-->[androidx.work:work-runtime:2.9.0] AndroidManifest.xml:140:17-88
240-->[androidx.work:work-runtime:2.9.0] AndroidManifest.xml:140:25-85
241            </intent-filter>
242        </receiver>
243
244        <service
244-->[androidx.credentials:credentials-play-services-auth:1.6.0] AndroidManifest.xml:24:9-32:19
245            android:name="androidx.credentials.playservices.CredentialProviderMetadataHolder"
245-->[androidx.credentials:credentials-play-services-auth:1.6.0] AndroidManifest.xml:25:13-94
246            android:enabled="true"
246-->[androidx.credentials:credentials-play-services-auth:1.6.0] AndroidManifest.xml:26:13-35
247            android:exported="false" >
247-->[androidx.credentials:credentials-play-services-auth:1.6.0] AndroidManifest.xml:27:13-37
248            <meta-data
248-->[androidx.credentials:credentials-play-services-auth:1.6.0] AndroidManifest.xml:29:13-31:104
249                android:name="androidx.credentials.CREDENTIAL_PROVIDER_KEY"
249-->[androidx.credentials:credentials-play-services-auth:1.6.0] AndroidManifest.xml:30:17-76
250                android:value="androidx.credentials.playservices.CredentialProviderPlayServicesImpl" />
250-->[androidx.credentials:credentials-play-services-auth:1.6.0] AndroidManifest.xml:31:17-101
251        </service>
252
253        <activity
253-->[androidx.credentials:credentials-play-services-auth:1.6.0] AndroidManifest.xml:34:9-41:20
254            android:name="androidx.credentials.playservices.controllers.identityauth.HiddenActivity"
254-->[androidx.credentials:credentials-play-services-auth:1.6.0] AndroidManifest.xml:35:13-101
255            android:configChanges="orientation|screenSize|screenLayout|keyboardHidden"
255-->[androidx.credentials:credentials-play-services-auth:1.6.0] AndroidManifest.xml:36:13-87
256            android:enabled="true"
256-->[androidx.credentials:credentials-play-services-auth:1.6.0] AndroidManifest.xml:37:13-35
257            android:exported="false"
257-->[androidx.credentials:credentials-play-services-auth:1.6.0] AndroidManifest.xml:38:13-37
258            android:fitsSystemWindows="true"
258-->[androidx.credentials:credentials-play-services-auth:1.6.0] AndroidManifest.xml:39:13-45
259            android:theme="@style/Theme.Hidden" >
259-->[androidx.credentials:credentials-play-services-auth:1.6.0] AndroidManifest.xml:40:13-48
260        </activity>
261        <activity
261-->[androidx.credentials:credentials-play-services-auth:1.6.0] AndroidManifest.xml:42:9-49:20
262            android:name="androidx.credentials.playservices.controllers.identitycredentials.IdentityCredentialApiHiddenActivity"
262-->[androidx.credentials:credentials-play-services-auth:1.6.0] AndroidManifest.xml:43:13-129
263            android:configChanges="orientation|screenSize|screenLayout|keyboardHidden"
263-->[androidx.credentials:credentials-play-services-auth:1.6.0] AndroidManifest.xml:44:13-87
264            android:enabled="true"
264-->[androidx.credentials:credentials-play-services-auth:1.6.0] AndroidManifest.xml:45:13-35
265            android:exported="false"